# This is the CMakeCache file.
# For build in directory: /home/user/github-export-mainnet/build
# It was generated by CMake: /usr/bin/cmake
# You can edit this file to change values found and used by cmake.
# If you do not want to change any of the values, simply exit the editor.
# If you do want to change a value, simply edit, save, and exit the editor.
# The syntax for the file is as follows:
# KEY:TYPE=VALUE
# KEY is the name of a variable in the cache.
# TYPE is a hint to GUIs for the type of VALUE, DO NOT EDIT TYPE!.
# VALUE is the current value for the KEY.

########################
# EXTERNAL cache entries
########################

//CPU to build for: -march value or 'default' to not pass -march
// at all
ARCH:STRING=native

//Ignore boost system paths for local boost installation
BOOST_IGNORE_SYSTEM_PATHS:BOOL=OFF

//Path to a library.
BSD_LIBRARY:FILEPATH=/usr/lib/x86_64-linux-gnu/libbsd.so

//Build for 64-bit? 'OFF' builds for 32-bit.
BUILD_64:BOOL=ON

//Build debug utilities.
BUILD_DEBUG_UTILITIES:BOOL=OFF

//Build the Doxygen documentation.
BUILD_DOCUMENTATION:BOOL=ON

//Build GUI dependencies.
BUILD_GUI_DEPS:BOOL=OFF

//Build internal libraries as shared
BUILD_SHARED_LIBS:BOOL=OFF

//Build tests.
BUILD_TESTS:BOOL=OFF

//Header providing backtrace(3) facility
Backtrace_HEADER:STRING=execinfo.h

//Path to a file.
Backtrace_INCLUDE_DIR:PATH=/usr/include

//Library providing backtrace(3), empty for default set of libraries
Backtrace_LIBRARY:FILEPATH=

//Boost atomic library (debug)
Boost_ATOMIC_LIBRARY_DEBUG:FILEPATH=/usr/lib/x86_64-linux-gnu/libboost_atomic.so

//Boost atomic library (release)
Boost_ATOMIC_LIBRARY_RELEASE:FILEPATH=/usr/lib/x86_64-linux-gnu/libboost_atomic.so

//Boost chrono library (debug)
Boost_CHRONO_LIBRARY_DEBUG:FILEPATH=/usr/lib/x86_64-linux-gnu/libboost_chrono.so

//Boost chrono library (release)
Boost_CHRONO_LIBRARY_RELEASE:FILEPATH=/usr/lib/x86_64-linux-gnu/libboost_chrono.so

//Boost date_time library (debug)
Boost_DATE_TIME_LIBRARY_DEBUG:FILEPATH=/usr/lib/x86_64-linux-gnu/libboost_date_time.so

//Boost date_time library (release)
Boost_DATE_TIME_LIBRARY_RELEASE:FILEPATH=/usr/lib/x86_64-linux-gnu/libboost_date_time.so

//Boost filesystem library (debug)
Boost_FILESYSTEM_LIBRARY_DEBUG:FILEPATH=/usr/lib/x86_64-linux-gnu/libboost_filesystem.so

//Boost filesystem library (release)
Boost_FILESYSTEM_LIBRARY_RELEASE:FILEPATH=/usr/lib/x86_64-linux-gnu/libboost_filesystem.so

//Path to a file.
Boost_INCLUDE_DIR:PATH=/usr/include

//Boost library directory DEBUG
Boost_LIBRARY_DIR_DEBUG:PATH=/usr/lib/x86_64-linux-gnu

//Boost library directory RELEASE
Boost_LIBRARY_DIR_RELEASE:PATH=/usr/lib/x86_64-linux-gnu

//Boost locale library (debug)
Boost_LOCALE_LIBRARY_DEBUG:FILEPATH=/usr/lib/x86_64-linux-gnu/libboost_locale.so

//Boost locale library (release)
Boost_LOCALE_LIBRARY_RELEASE:FILEPATH=/usr/lib/x86_64-linux-gnu/libboost_locale.so

//Boost program_options library (debug)
Boost_PROGRAM_OPTIONS_LIBRARY_DEBUG:FILEPATH=/usr/lib/x86_64-linux-gnu/libboost_program_options.so

//Boost program_options library (release)
Boost_PROGRAM_OPTIONS_LIBRARY_RELEASE:FILEPATH=/usr/lib/x86_64-linux-gnu/libboost_program_options.so

//Boost serialization library (debug)
Boost_SERIALIZATION_LIBRARY_DEBUG:FILEPATH=/usr/lib/x86_64-linux-gnu/libboost_serialization.so

//Boost serialization library (release)
Boost_SERIALIZATION_LIBRARY_RELEASE:FILEPATH=/usr/lib/x86_64-linux-gnu/libboost_serialization.so

//Boost thread library (debug)
Boost_THREAD_LIBRARY_DEBUG:FILEPATH=/usr/lib/x86_64-linux-gnu/libboost_thread.so

//Boost thread library (release)
Boost_THREAD_LIBRARY_RELEASE:FILEPATH=/usr/lib/x86_64-linux-gnu/libboost_thread.so

//Path to a program.
CCACHE_FOUND:FILEPATH=/usr/bin/ccache

//Path to a program.
CMAKE_ADDR2LINE:FILEPATH=/usr/bin/addr2line

//Path to a program.
CMAKE_AR:FILEPATH=/usr/bin/ar

//ASM-ATT compiler
CMAKE_ASM-ATT_COMPILER:FILEPATH=/usr/bin/as

//ASM compiler
CMAKE_ASM_COMPILER:FILEPATH=/usr/bin/cc

//A wrapper around 'ar' adding the appropriate '--plugin' option
// for the GCC compiler
CMAKE_ASM_COMPILER_AR:FILEPATH=/usr/bin/gcc-ar

//A wrapper around 'ranlib' adding the appropriate '--plugin' option
// for the GCC compiler
CMAKE_ASM_COMPILER_RANLIB:FILEPATH=/usr/bin/gcc-ranlib

//Flags used by the ASM compiler during all build types.
CMAKE_ASM_FLAGS:STRING=

//Flags used by the ASM compiler during DEBUG builds.
CMAKE_ASM_FLAGS_DEBUG:STRING=-g

//Flags used by the ASM compiler during MINSIZEREL builds.
CMAKE_ASM_FLAGS_MINSIZEREL:STRING=-Os -DNDEBUG

//Flags used by the ASM compiler during RELEASE builds.
CMAKE_ASM_FLAGS_RELEASE:STRING=-O3 -DNDEBUG

//Flags used by the ASM compiler during RELWITHDEBINFO builds.
CMAKE_ASM_FLAGS_RELWITHDEBINFO:STRING=-O2 -g -DNDEBUG

//Build type
CMAKE_BUILD_TYPE:STRING=Release

//Enable/Disable color output during build.
CMAKE_COLOR_MAKEFILE:BOOL=ON

//CXX compiler
CMAKE_CXX_COMPILER:FILEPATH=/usr/bin/c++

//A wrapper around 'ar' adding the appropriate '--plugin' option
// for the GCC compiler
CMAKE_CXX_COMPILER_AR:FILEPATH=/usr/bin/gcc-ar-13

//A wrapper around 'ranlib' adding the appropriate '--plugin' option
// for the GCC compiler
CMAKE_CXX_COMPILER_RANLIB:FILEPATH=/usr/bin/gcc-ranlib-13

//Flags used by the CXX compiler during all build types.
CMAKE_CXX_FLAGS:STRING=

//Flags used by the CXX compiler during DEBUG builds.
CMAKE_CXX_FLAGS_DEBUG:STRING=-g

//Flags used by the CXX compiler during MINSIZEREL builds.
CMAKE_CXX_FLAGS_MINSIZEREL:STRING=-Os -DNDEBUG

//Flags used by the CXX compiler during RELEASE builds.
CMAKE_CXX_FLAGS_RELEASE:STRING=-O3 -DNDEBUG

//Flags used by the CXX compiler during RELWITHDEBINFO builds.
CMAKE_CXX_FLAGS_RELWITHDEBINFO:STRING=-O2 -g -DNDEBUG

//C compiler
CMAKE_C_COMPILER:FILEPATH=/usr/bin/cc

//A wrapper around 'ar' adding the appropriate '--plugin' option
// for the GCC compiler
CMAKE_C_COMPILER_AR:FILEPATH=/usr/bin/gcc-ar-13

//A wrapper around 'ranlib' adding the appropriate '--plugin' option
// for the GCC compiler
CMAKE_C_COMPILER_RANLIB:FILEPATH=/usr/bin/gcc-ranlib-13

//Flags used by the C compiler during all build types.
CMAKE_C_FLAGS:STRING=

//Flags used by the C compiler during DEBUG builds.
CMAKE_C_FLAGS_DEBUG:STRING=-g

//Flags used by the C compiler during MINSIZEREL builds.
CMAKE_C_FLAGS_MINSIZEREL:STRING=-Os -DNDEBUG

//Flags used by the C compiler during RELEASE builds.
CMAKE_C_FLAGS_RELEASE:STRING=-O3 -DNDEBUG

//Flags used by the C compiler during RELWITHDEBINFO builds.
CMAKE_C_FLAGS_RELWITHDEBINFO:STRING=-O2 -g -DNDEBUG

//Path to a program.
CMAKE_DLLTOOL:FILEPATH=CMAKE_DLLTOOL-NOTFOUND

//Flags used by the linker during all build types.
CMAKE_EXE_LINKER_FLAGS:STRING=

//Flags used by the linker during DEBUG builds.
CMAKE_EXE_LINKER_FLAGS_DEBUG:STRING=

//Flags used by the linker during MINSIZEREL builds.
CMAKE_EXE_LINKER_FLAGS_MINSIZEREL:STRING=

//Flags used by the linker during RELEASE builds.
CMAKE_EXE_LINKER_FLAGS_RELEASE:STRING=

//Flags used by the linker during RELWITHDEBINFO builds.
CMAKE_EXE_LINKER_FLAGS_RELWITHDEBINFO:STRING=

//Value Computed by CMake.
CMAKE_FIND_PACKAGE_REDIRECTS_DIR:STATIC=/home/user/github-export-mainnet/build/CMakeFiles/pkgRedirects

//User executables (bin)
CMAKE_INSTALL_BINDIR:PATH=bin

//Read-only architecture-independent data (DATAROOTDIR)
CMAKE_INSTALL_DATADIR:PATH=

//Read-only architecture-independent data root (share)
CMAKE_INSTALL_DATAROOTDIR:PATH=share

//Documentation root (DATAROOTDIR/doc/PROJECT_NAME)
CMAKE_INSTALL_DOCDIR:PATH=

//C header files (include)
CMAKE_INSTALL_INCLUDEDIR:PATH=include

//Info documentation (DATAROOTDIR/info)
CMAKE_INSTALL_INFODIR:PATH=

//Object code libraries (lib)
CMAKE_INSTALL_LIBDIR:PATH=lib

//Program executables (libexec)
CMAKE_INSTALL_LIBEXECDIR:PATH=libexec

//Locale-dependent data (DATAROOTDIR/locale)
CMAKE_INSTALL_LOCALEDIR:PATH=

//Modifiable single-machine data (var)
CMAKE_INSTALL_LOCALSTATEDIR:PATH=var

//Man documentation (DATAROOTDIR/man)
CMAKE_INSTALL_MANDIR:PATH=

//C header files for non-gcc (/usr/include)
CMAKE_INSTALL_OLDINCLUDEDIR:PATH=/usr/include

//Install path prefix, prepended onto install directories.
CMAKE_INSTALL_PREFIX:PATH=/usr/local

//Run-time variable data (LOCALSTATEDIR/run)
CMAKE_INSTALL_RUNSTATEDIR:PATH=

//System admin executables (sbin)
CMAKE_INSTALL_SBINDIR:PATH=sbin

//Modifiable architecture-independent data (com)
CMAKE_INSTALL_SHAREDSTATEDIR:PATH=com

//Read-only single-machine data (etc)
CMAKE_INSTALL_SYSCONFDIR:PATH=etc

//Path to a program.
CMAKE_LINKER:FILEPATH=/usr/bin/ld

//Path to a program.
CMAKE_MAKE_PROGRAM:FILEPATH=/usr/bin/gmake

//Flags used by the linker during the creation of modules during
// all build types.
CMAKE_MODULE_LINKER_FLAGS:STRING=

//Flags used by the linker during the creation of modules during
// DEBUG builds.
CMAKE_MODULE_LINKER_FLAGS_DEBUG:STRING=

//Flags used by the linker during the creation of modules during
// MINSIZEREL builds.
CMAKE_MODULE_LINKER_FLAGS_MINSIZEREL:STRING=

//Flags used by the linker during the creation of modules during
// RELEASE builds.
CMAKE_MODULE_LINKER_FLAGS_RELEASE:STRING=

//Flags used by the linker during the creation of modules during
// RELWITHDEBINFO builds.
CMAKE_MODULE_LINKER_FLAGS_RELWITHDEBINFO:STRING=

//Path to a program.
CMAKE_NM:FILEPATH=/usr/bin/nm

//Path to a program.
CMAKE_OBJCOPY:FILEPATH=/usr/bin/objcopy

//Path to a program.
CMAKE_OBJDUMP:FILEPATH=/usr/bin/objdump

//Value Computed by CMake
CMAKE_PROJECT_DESCRIPTION:STATIC=

//Value Computed by CMake
CMAKE_PROJECT_HOMEPAGE_URL:STATIC=

//Value Computed by CMake
CMAKE_PROJECT_NAME:STATIC=c64chain

//Path to a program.
CMAKE_RANLIB:FILEPATH=/usr/bin/ranlib

//Path to a program.
CMAKE_READELF:FILEPATH=/usr/bin/readelf

//Flags used by the linker during the creation of shared libraries
// during all build types.
CMAKE_SHARED_LINKER_FLAGS:STRING=

//Flags used by the linker during the creation of shared libraries
// during DEBUG builds.
CMAKE_SHARED_LINKER_FLAGS_DEBUG:STRING=

//Flags used by the linker during the creation of shared libraries
// during MINSIZEREL builds.
CMAKE_SHARED_LINKER_FLAGS_MINSIZEREL:STRING=

//Flags used by the linker during the creation of shared libraries
// during RELEASE builds.
CMAKE_SHARED_LINKER_FLAGS_RELEASE:STRING=

//Flags used by the linker during the creation of shared libraries
// during RELWITHDEBINFO builds.
CMAKE_SHARED_LINKER_FLAGS_RELWITHDEBINFO:STRING=

//If set, runtime paths are not added when installing shared libraries,
// but are added when building.
CMAKE_SKIP_INSTALL_RPATH:BOOL=NO

//If set, runtime paths are not added when using shared libraries.
CMAKE_SKIP_RPATH:BOOL=NO

//Flags used by the linker during the creation of static libraries
// during all build types.
CMAKE_STATIC_LINKER_FLAGS:STRING=

//Flags used by the linker during the creation of static libraries
// during DEBUG builds.
CMAKE_STATIC_LINKER_FLAGS_DEBUG:STRING=

//Flags used by the linker during the creation of static libraries
// during MINSIZEREL builds.
CMAKE_STATIC_LINKER_FLAGS_MINSIZEREL:STRING=

//Flags used by the linker during the creation of static libraries
// during RELEASE builds.
CMAKE_STATIC_LINKER_FLAGS_RELEASE:STRING=

//Flags used by the linker during the creation of static libraries
// during RELWITHDEBINFO builds.
CMAKE_STATIC_LINKER_FLAGS_RELWITHDEBINFO:STRING=

//Path to a program.
CMAKE_STRIP:FILEPATH=/usr/bin/strip

//Path to a program.
CMAKE_TAPI:FILEPATH=CMAKE_TAPI-NOTFOUND

//If this value is on, makefiles will be generated without the
// .SILENT directive, and all commands will be echoed to the console
// during the make.  This is useful for debugging only. With Visual
// Studio IDE projects all commands are done without /nologo.
CMAKE_VERBOSE_MAKEFILE:BOOL=FALSE

//Enable profiling for test coverage report
COVERAGE:BOOL=OFF

//Create call/callee graphs (large)
DOC_FULLGRAPHS:STRING=NO

//Create dependency graphs (needs graphviz)
DOC_GRAPHS:STRING=YES

//Path to a program.
DOT_PATH:FILEPATH=/usr/bin/dot

//Dot tool for use with Doxygen
DOXYGEN_DOT_EXECUTABLE:FILEPATH=/usr/bin/dot

//Doxygen documentation generation tool (https://www.doxygen.nl)
DOXYGEN_EXECUTABLE:FILEPATH=/usr/bin/doxygen

//Git command line client
GIT_EXECUTABLE:FILEPATH=/usr/bin/git

//Path to a library.
GSSAPI_LIBRARY:FILEPATH=/usr/lib/x86_64-linux-gnu/libgssapi_krb5.so

//Path to a file.
HIDAPI_INCLUDE_DIR:PATH=/usr/include/hidapi

//Path to a library.
HIDAPI_LIBRARY:FILEPATH=/usr/lib/x86_64-linux-gnu/libhidapi-libusb.so

//LMDB Include path
LMDB_INCLUDE:STRING=/home/user/github-export-mainnet/external/db_drivers/liblmdb

//LMDB Library name
LMDB_LIBRARY:STRING=lmdb

//Path to a library.
MD_LIBRARY:FILEPATH=/usr/lib/x86_64-linux-gnu/libmd.so

//Path to a file.
MINIUPNP_INCLUDE_DIR:PATH=MINIUPNP_INCLUDE_DIR-NOTFOUND

//Path to a library.
MINIUPNP_LIBRARY:FILEPATH=MINIUPNP_LIBRARY-NOTFOUND

//Path to a library.
MINIUPNP_STATIC_LIBRARY:FILEPATH=MINIUPNP_STATIC_LIBRARY-NOTFOUND

//Select a wallet crypto library
MONERO_WALLET_CRYPTO_LIBRARY:STRING=auto

//Path to a library.
NORM_LIBRARY:FILEPATH=/usr/lib/x86_64-linux-gnu/libnorm.so

//Explicitly disable AES support
NO_AES:BOOL=OFF

//Define NO_GETADDRINFO
NO_GETADDRINFO:BOOL=OFF

//Path to a library.
OPENSSL_CRYPTO_LIBRARY:FILEPATH=/usr/lib/x86_64-linux-gnu/libcrypto.so

//Path to a file.
OPENSSL_INCLUDE_DIR:PATH=/usr/include

//Path to a library.
OPENSSL_SSL_LIBRARY:FILEPATH=/usr/lib/x86_64-linux-gnu/libssl.so

//Path to a library.
PGM_LIBRARY:FILEPATH=/usr/lib/x86_64-linux-gnu/libpgm.so

//Arguments to supply to pkg-config
PKG_CONFIG_ARGN:STRING=

//pkg-config executable
PKG_CONFIG_EXECUTABLE:FILEPATH=/usr/bin/pkg-config

//Path to a library.
PROTOKIT_LIBRARY:FILEPATH=/usr/lib/x86_64-linux-gnu/libprotokit.a

//Path to a library.
PROTOLIB_LIBRARY:FILEPATH=PROTOLIB_LIBRARY-NOTFOUND

//Path to a program.
PYTHON_EXECUTABLE:FILEPATH=/usr/bin/python3

//Path to a file.
Protobuf_INCLUDE_DIR:PATH=/usr/include

//Path to a library.
Protobuf_LIBRARY_DEBUG:FILEPATH=/usr/lib/x86_64-linux-gnu/libprotobuf.so

//Path to a library.
Protobuf_LIBRARY_RELEASE:FILEPATH=/usr/lib/x86_64-linux-gnu/libprotobuf.so

//Path to a library.
Protobuf_LITE_LIBRARY_DEBUG:FILEPATH=/usr/lib/x86_64-linux-gnu/libprotobuf-lite.so

//Path to a library.
Protobuf_LITE_LIBRARY_RELEASE:FILEPATH=/usr/lib/x86_64-linux-gnu/libprotobuf-lite.so

//The Google Protocol Buffers Compiler
Protobuf_PROTOC_EXECUTABLE:FILEPATH=/usr/bin/protoc

//Path to a library.
Protobuf_PROTOC_LIBRARY_DEBUG:FILEPATH=Protobuf_PROTOC_LIBRARY_DEBUG-NOTFOUND

//Path to a library.
Protobuf_PROTOC_LIBRARY_RELEASE:FILEPATH=Protobuf_PROTOC_LIBRARY_RELEASE-NOTFOUND

//RandomX Include path
RANDOMX_INCLUDE:STRING=/home/user/github-export-mainnet/external/randomwow/src

//Relink targets, when just a dependant .so changed, but not its
// header?
RELINK_TARGETS:BOOL=OFF

//Path to a library.
RT:FILEPATH=/usr/lib/x86_64-linux-gnu/librt.a

//Value Computed by CMake
RandomX_BINARY_DIR:STATIC=/home/user/github-export-mainnet/build/external/randomwow

//Value Computed by CMake
RandomX_IS_TOP_LEVEL:STATIC=OFF

//Value Computed by CMake
RandomX_SOURCE_DIR:STATIC=/home/user/github-export-mainnet/external/randomwow

//Path to a file.
Readline_INCLUDE_DIR:PATH=/usr/include

//Path to a library.
Readline_LIBRARY:FILEPATH=/usr/lib/x86_64-linux-gnu/libreadline.so

//Path to a file.
Readline_ROOT_DIR:PATH=/usr

//Use ASAN memory sanitizer
SANITIZE:BOOL=OFF

//Path to a file.
SODIUM_INCLUDE_PATH:PATH=/usr/include

//Path to a library.
SODIUM_LIBRARY:FILEPATH=/usr/lib/x86_64-linux-gnu/libsodium.so

//Install a hook that dumps stack on exception
STACK_TRACE:BOOL=ON

//Link libraries statically
STATIC:BOOL=OFF

//Strip symbols from targets?
STRIP_TARGETS:BOOL=OFF

//Main trezor debugging switch
TREZOR_DEBUG:BOOL=OFF

//Path to a library.
Termcap_LIBRARY:FILEPATH=/usr/lib/x86_64-linux-gnu/libtinfo.so

//Path to a file.
UNBOUND_INCLUDE_DIR:PATH=/usr/include

//Path to a library.
UNBOUND_LIBRARIES:FILEPATH=/usr/lib/x86_64-linux-gnu/libunbound.so

//Build sample executables
UPNPC_BUILD_SAMPLE:BOOL=ON

//Build shared library
UPNPC_BUILD_SHARED:BOOL=OFF

//Build static library
UPNPC_BUILD_STATIC:BOOL=ON

//Build test executables
UPNPC_BUILD_TESTS:BOOL=ON

//Disable installation
UPNPC_NO_INSTALL:BOOL=TRUE

//Use ccache if a usable instance is found
USE_CCACHE:BOOL=ON

//Lint the code with clang-tidy - variant C
USE_CLANG_TIDY_C:BOOL=OFF

//Lint the code with clang-tidy - variant C++
USE_CLANG_TIDY_CXX:BOOL=OFF

//Use compilation time profiler (for CLang >= 9 only)
USE_COMPILATION_TIME_PROFILER:BOOL=OFF

//Trezor support compilation
USE_DEVICE_TREZOR:BOOL=ON

//Trezor Debugging enabled
USE_DEVICE_TREZOR_DEBUG:BOOL=OFF

//Trezor LibUSB compilation
USE_DEVICE_TREZOR_LIBUSB:BOOL=ON

//Trezor UdpTransport in release mode
USE_DEVICE_TREZOR_UDP_RELEASE:BOOL=OFF

//Use Link-Time Optimization (Release mode only)
USE_LTO:BOOL=false

//Build with GNU readline support.
USE_READLINE:BOOL=ON

//The tag portion of the Monero software version
VERSIONTAG:STRING=unknown

//Path to a file.
ZMQ_INCLUDE_PATH:PATH=/usr/include

//Path to a library.
ZMQ_LIB:FILEPATH=/usr/lib/x86_64-linux-gnu/libzmq.so

//Test _Werror__Werror=switch_cxx
_Werror__Werror:UNINITIALIZED=switch_cxx:INTERNAL=1

//Test _Werror__fcf_protection=full_cxx
_Werror__fcf_protection:UNINITIALIZED=full_cxx:INTERNAL=1

//Test _march=native_cxx
_march:UNINITIALIZED=native_cxx:INTERNAL=1

//Dependencies for the target
blockchain_db_LIB_DEPENDS:STATIC=general;common;general;cncrypto;general;ringct;general;lmdb;general;/usr/lib/x86_64-linux-gnu/libboost_filesystem.so;general;/usr/lib/x86_64-linux-gnu/libboost_thread.so;general;/usr/lib/x86_64-linux-gnu/librt.a;general;dl;

//Value Computed by CMake
c64chain_BINARY_DIR:STATIC=/home/user/github-export-mainnet/build

//Value Computed by CMake
c64chain_IS_TOP_LEVEL:STATIC=ON

//Value Computed by CMake
c64chain_SOURCE_DIR:STATIC=/home/user/github-export-mainnet

//Dependencies for the target
checkpoints_LIB_DEPENDS:STATIC=general;common;general;cncrypto;general;/usr/lib/x86_64-linux-gnu/libboost_date_time.so;general;/usr/lib/x86_64-linux-gnu/libboost_program_options.so;general;/usr/lib/x86_64-linux-gnu/libboost_serialization.so;general;/usr/lib/x86_64-linux-gnu/libboost_filesystem.so;general;/usr/lib/x86_64-linux-gnu/libboost_thread.so;general;/usr/lib/x86_64-linux-gnu/librt.a;general;dl;

//Dependencies for the target
cncrypto_LIB_DEPENDS:STATIC=general;epee;general;randomx;general;/usr/lib/x86_64-linux-gnu/libsodium.so;general;/usr/lib/x86_64-linux-gnu/librt.a;general;dl;

//Dependencies for the target
common_LIB_DEPENDS:STATIC=general;cncrypto;general;/usr/lib/x86_64-linux-gnu/libunbound.so;general;/usr/lib/x86_64-linux-gnu/libboost_date_time.so;general;/usr/lib/x86_64-linux-gnu/libboost_filesystem.so;general;/usr/lib/x86_64-linux-gnu/libboost_thread.so;general;/usr/lib/x86_64-linux-gnu/libboost_chrono.so;general;/usr/lib/x86_64-linux-gnu/libssl.so;general;/usr/lib/x86_64-linux-gnu/libcrypto.so;general;/usr/lib/x86_64-linux-gnu/librt.a;general;dl;

//Dependencies for the target
cryptonote_basic_LIB_DEPENDS:STATIC=general;common;general;cncrypto;general;checkpoints;general;cryptonote_format_utils_basic;general;device;general;/usr/lib/x86_64-linux-gnu/libboost_date_time.so;general;/usr/lib/x86_64-linux-gnu/libboost_program_options.so;general;/usr/lib/x86_64-linux-gnu/libboost_serialization.so;general;/usr/lib/x86_64-linux-gnu/libboost_filesystem.so;general;/usr/lib/x86_64-linux-gnu/libboost_thread.so;general;/usr/lib/x86_64-linux-gnu/librt.a;general;dl;

//Dependencies for the target
cryptonote_core_LIB_DEPENDS:STATIC=general;version;general;common;general;cncrypto;general;blockchain_db;general;ringct;general;device;general;hardforks;general;/usr/lib/x86_64-linux-gnu/libboost_date_time.so;general;/usr/lib/x86_64-linux-gnu/libboost_program_options.so;general;/usr/lib/x86_64-linux-gnu/libboost_serialization.so;general;/usr/lib/x86_64-linux-gnu/libboost_filesystem.so;general;/usr/lib/x86_64-linux-gnu/libboost_thread.so;general;/usr/lib/x86_64-linux-gnu/librt.a;general;dl;

//Dependencies for the target
cryptonote_format_utils_basic_LIB_DEPENDS:STATIC=general;cncrypto;

//Dependencies for the target
cryptonote_protocol_LIB_DEPENDS:STATIC=general;p2p;general;/usr/lib/x86_64-linux-gnu/librt.a;general;dl;

//Dependencies for the target
daemon_messages_LIB_DEPENDS:STATIC=general;cryptonote_core;general;cryptonote_protocol;general;version;general;serialization;general;/usr/lib/x86_64-linux-gnu/librt.a;general;dl;

//Dependencies for the target
daemon_rpc_server_LIB_DEPENDS:STATIC=general;rpc;general;rpc_pub;general;cryptonote_core;general;cryptonote_protocol;general;version;general;daemon_messages;general;serialization;general;/usr/lib/x86_64-linux-gnu/libboost_chrono.so;general;/usr/lib/x86_64-linux-gnu/libboost_thread.so;general;/usr/lib/x86_64-linux-gnu/libzmq.so;general;/usr/lib/x86_64-linux-gnu/libpgm.so;general;/usr/lib/x86_64-linux-gnu/libnorm.so;general;/usr/lib/x86_64-linux-gnu/libgssapi_krb5.so;general;/usr/lib/x86_64-linux-gnu/libsodium.so;general;/usr/lib/x86_64-linux-gnu/libbsd.so;general;/usr/lib/x86_64-linux-gnu/libmd.so;general;/usr/lib/x86_64-linux-gnu/libprotokit.a;general;/usr/lib/x86_64-linux-gnu/librt.a;general;dl;

//Dependencies for the target
daemonizer_LIB_DEPENDS:STATIC=general;common;general;/usr/lib/x86_64-linux-gnu/libboost_chrono.so;general;/usr/lib/x86_64-linux-gnu/libboost_filesystem.so;general;/usr/lib/x86_64-linux-gnu/libboost_program_options.so;general;/usr/lib/x86_64-linux-gnu/librt.a;general;dl;

//Dependencies for the target
device_LIB_DEPENDS:STATIC=general;/usr/lib/x86_64-linux-gnu/libhidapi-libusb.so;general;cncrypto;general;cryptonote_format_utils_basic;general;ringct_basic;general;wallet-crypto;general;/usr/lib/x86_64-linux-gnu/libcrypto.so;general;/usr/lib/x86_64-linux-gnu/libboost_serialization.so;general;version;general;blocks;general;/usr/lib/x86_64-linux-gnu/librt.a;general;dl;

//Dependencies for the target
device_trezor_LIB_DEPENDS:STATIC=general;cncrypto;

//Value Computed by CMake
easylogging_BINARY_DIR:STATIC=/home/user/github-export-mainnet/build/external/easylogging++

//Value Computed by CMake
easylogging_IS_TOP_LEVEL:STATIC=OFF

//Value Computed by CMake
easylogging_SOURCE_DIR:STATIC=/home/user/github-export-mainnet/external/easylogging++

//Dependencies for the target
epee_LIB_DEPENDS:STATIC=general;easylogging;general;/usr/lib/x86_64-linux-gnu/libboost_chrono.so;general;/usr/lib/x86_64-linux-gnu/libboost_filesystem.so;general;/usr/lib/x86_64-linux-gnu/libboost_thread.so;general;/usr/lib/x86_64-linux-gnu/libssl.so;general;/usr/lib/x86_64-linux-gnu/libcrypto.so;general;/usr/lib/x86_64-linux-gnu/librt.a;general;dl;

//Dependencies for the target
epee_readline_LIB_DEPENDS:STATIC=general;easylogging;general;/usr/lib/x86_64-linux-gnu/libreadline.so;

//Dependencies for the target
hardforks_LIB_DEPENDS:STATIC=general;version;general;/usr/lib/x86_64-linux-gnu/librt.a;general;dl;

//Path to a program.
iwyu_tool_path:FILEPATH=iwyu_tool_path-NOTFOUND

//Value Computed by CMake
libqrcodegen_BINARY_DIR:STATIC=/home/user/github-export-mainnet/build/external/qrcodegen

//Value Computed by CMake
libqrcodegen_IS_TOP_LEVEL:STATIC=OFF

//Value Computed by CMake
libqrcodegen_SOURCE_DIR:STATIC=/home/user/github-export-mainnet/external/qrcodegen

//Dependencies for the target
lmdb_lib_LIB_DEPENDS:STATIC=general;common;general;lmdb;

//Value Computed by CMake
miniupnpc_BINARY_DIR:STATIC=/home/user/github-export-mainnet/build/external/miniupnp/miniupnpc

//Value Computed by CMake
miniupnpc_IS_TOP_LEVEL:STATIC=OFF

//Value Computed by CMake
miniupnpc_SOURCE_DIR:STATIC=/home/user/github-export-mainnet/external/miniupnp/miniupnpc

//Dependencies for the target
mnemonics_LIB_DEPENDS:STATIC=general;epee;general;easylogging;general;/usr/lib/x86_64-linux-gnu/librt.a;general;dl;

//Dependencies for the target
multisig_LIB_DEPENDS:STATIC=general;ringct;general;cryptonote_basic;general;cryptonote_core;general;common;general;cncrypto;general;/usr/lib/x86_64-linux-gnu/librt.a;general;dl;

//Dependencies for the target
net_LIB_DEPENDS:STATIC=general;common;general;epee;general;/usr/lib/x86_64-linux-gnu/libzmq.so;general;/usr/lib/x86_64-linux-gnu/libpgm.so;general;/usr/lib/x86_64-linux-gnu/libnorm.so;general;/usr/lib/x86_64-linux-gnu/libgssapi_krb5.so;general;/usr/lib/x86_64-linux-gnu/libsodium.so;general;/usr/lib/x86_64-linux-gnu/libbsd.so;general;/usr/lib/x86_64-linux-gnu/libmd.so;general;/usr/lib/x86_64-linux-gnu/libprotokit.a;

//Dependencies for the target
p2p_LIB_DEPENDS:STATIC=general;version;general;cryptonote_core;general;net;general;libminiupnpc-static;general;/usr/lib/x86_64-linux-gnu/libboost_chrono.so;general;/usr/lib/x86_64-linux-gnu/libboost_program_options.so;general;/usr/lib/x86_64-linux-gnu/libboost_filesystem.so;general;/usr/lib/x86_64-linux-gnu/libboost_thread.so;general;/usr/lib/x86_64-linux-gnu/libboost_serialization.so;general;/usr/lib/x86_64-linux-gnu/librt.a;general;dl;

//Path to a library.
pkgcfg_lib__OPENSSL_crypto:FILEPATH=/usr/lib/x86_64-linux-gnu/libcrypto.so

//Path to a library.
pkgcfg_lib__OPENSSL_ssl:FILEPATH=/usr/lib/x86_64-linux-gnu/libssl.so

//Dependencies for the target
ringct_LIB_DEPENDS:STATIC=general;common;general;cncrypto;general;cryptonote_basic;general;device;general;/usr/lib/x86_64-linux-gnu/libssl.so;general;/usr/lib/x86_64-linux-gnu/libcrypto.so;general;/usr/lib/x86_64-linux-gnu/librt.a;general;dl;

//Dependencies for the target
ringct_basic_LIB_DEPENDS:STATIC=general;common;general;cncrypto;general;/usr/lib/x86_64-linux-gnu/libssl.so;general;/usr/lib/x86_64-linux-gnu/libcrypto.so;general;/usr/lib/x86_64-linux-gnu/librt.a;general;dl;

//Dependencies for the target
rpc_LIB_DEPENDS:STATIC=general;rpc_base;general;common;general;cryptonote_core;general;cryptonote_protocol;general;net;general;version;general;/usr/lib/x86_64-linux-gnu/libboost_thread.so;general;/usr/lib/x86_64-linux-gnu/librt.a;general;dl;

//Dependencies for the target
rpc_base_LIB_DEPENDS:STATIC=general;common;general;epee;general;/usr/lib/x86_64-linux-gnu/libboost_thread.so;general;/usr/lib/x86_64-linux-gnu/libboost_program_options.so;general;/usr/lib/x86_64-linux-gnu/librt.a;general;dl;

//Dependencies for the target
rpc_pub_LIB_DEPENDS:STATIC=general;epee;general;net;general;cryptonote_basic;general;serialization;general;/usr/lib/x86_64-linux-gnu/libboost_thread.so;

//Dependencies for the target
serialization_LIB_DEPENDS:STATIC=general;cryptonote_basic;general;cryptonote_core;general;cryptonote_protocol;general;epee;general;/usr/lib/x86_64-linux-gnu/libboost_chrono.so;general;/usr/lib/x86_64-linux-gnu/libboost_thread.so;general;/usr/lib/x86_64-linux-gnu/librt.a;general;dl;

//Dependencies for the target
wallet-crypto_LIB_DEPENDS:STATIC=general;cncrypto;

//Dependencies for the target
wallet_LIB_DEPENDS:STATIC=general;rpc_base;general;multisig;general;common;general;cryptonote_core;general;mnemonics;general;device_trezor;general;net;general;lmdb;general;/usr/lib/x86_64-linux-gnu/libboost_chrono.so;general;/usr/lib/x86_64-linux-gnu/libboost_serialization.so;general;/usr/lib/x86_64-linux-gnu/libboost_filesystem.so;general;/usr/lib/x86_64-linux-gnu/libboost_thread.so;general;/usr/lib/x86_64-linux-gnu/librt.a;general;dl;

//Dependencies for the target
wallet_api_LIB_DEPENDS:STATIC=general;wallet;general;common;general;cryptonote_core;general;mnemonics;general;lmdb;general;/usr/lib/x86_64-linux-gnu/libboost_chrono.so;general;/usr/lib/x86_64-linux-gnu/libboost_locale.so;general;/usr/lib/x86_64-linux-gnu/libboost_serialization.so;general;/usr/lib/x86_64-linux-gnu/libboost_filesystem.so;general;/usr/lib/x86_64-linux-gnu/libboost_thread.so;general;/usr/lib/x86_64-linux-gnu/librt.a;general;dl;


########################
# INTERNAL cache entries
########################

//Have linker flag -Wl,--no-undefined
-Wl_--no-undefined_ld:INTERNAL=1
//Have linker flag -Wl,-undefined,error
-Wl_-undefined_error_ld:INTERNAL=1
//Have linker flag -Wl,-z,noexecheap
-Wl_-z_noexecheap_ld:INTERNAL=
//Have linker flag -Wl,-z,noexecstack
-Wl_-z_noexecstack_ld:INTERNAL=1
//Have linker flag -Wl,-z,now
-Wl_-z_now_ld:INTERNAL=1
//Have linker flag -Wl,-z,relro
-Wl_-z_relro_ld:INTERNAL=1
//Have linker flag -pie
-pie_ld:INTERNAL=1
//ADVANCED property for variable: Backtrace_HEADER
Backtrace_HEADER-ADVANCED:INTERNAL=1
//ADVANCED property for variable: Backtrace_INCLUDE_DIR
Backtrace_INCLUDE_DIR-ADVANCED:INTERNAL=1
//ADVANCED property for variable: Backtrace_LIBRARY
Backtrace_LIBRARY-ADVANCED:INTERNAL=1
//ADVANCED property for variable: Boost_ATOMIC_LIBRARY_DEBUG
Boost_ATOMIC_LIBRARY_DEBUG-ADVANCED:INTERNAL=1
//ADVANCED property for variable: Boost_ATOMIC_LIBRARY_RELEASE
Boost_ATOMIC_LIBRARY_RELEASE-ADVANCED:INTERNAL=1
//ADVANCED property for variable: Boost_CHRONO_LIBRARY_DEBUG
Boost_CHRONO_LIBRARY_DEBUG-ADVANCED:INTERNAL=1
//ADVANCED property for variable: Boost_CHRONO_LIBRARY_RELEASE
Boost_CHRONO_LIBRARY_RELEASE-ADVANCED:INTERNAL=1
//ADVANCED property for variable: Boost_DATE_TIME_LIBRARY_DEBUG
Boost_DATE_TIME_LIBRARY_DEBUG-ADVANCED:INTERNAL=1
//ADVANCED property for variable: Boost_DATE_TIME_LIBRARY_RELEASE
Boost_DATE_TIME_LIBRARY_RELEASE-ADVANCED:INTERNAL=1
//ADVANCED property for variable: Boost_FILESYSTEM_LIBRARY_DEBUG
Boost_FILESYSTEM_LIBRARY_DEBUG-ADVANCED:INTERNAL=1
//ADVANCED property for variable: Boost_FILESYSTEM_LIBRARY_RELEASE
Boost_FILESYSTEM_LIBRARY_RELEASE-ADVANCED:INTERNAL=1
//ADVANCED property for variable: Boost_INCLUDE_DIR
Boost_INCLUDE_DIR-ADVANCED:INTERNAL=1
//ADVANCED property for variable: Boost_LIBRARY_DIR_DEBUG
Boost_LIBRARY_DIR_DEBUG-ADVANCED:INTERNAL=1
//ADVANCED property for variable: Boost_LIBRARY_DIR_RELEASE
Boost_LIBRARY_DIR_RELEASE-ADVANCED:INTERNAL=1
//ADVANCED property for variable: Boost_LOCALE_LIBRARY_DEBUG
Boost_LOCALE_LIBRARY_DEBUG-ADVANCED:INTERNAL=1
//ADVANCED property for variable: Boost_LOCALE_LIBRARY_RELEASE
Boost_LOCALE_LIBRARY_RELEASE-ADVANCED:INTERNAL=1
//ADVANCED property for variable: Boost_PROGRAM_OPTIONS_LIBRARY_DEBUG
Boost_PROGRAM_OPTIONS_LIBRARY_DEBUG-ADVANCED:INTERNAL=1
//ADVANCED property for variable: Boost_PROGRAM_OPTIONS_LIBRARY_RELEASE
Boost_PROGRAM_OPTIONS_LIBRARY_RELEASE-ADVANCED:INTERNAL=1
//ADVANCED property for variable: Boost_SERIALIZATION_LIBRARY_DEBUG
Boost_SERIALIZATION_LIBRARY_DEBUG-ADVANCED:INTERNAL=1
//ADVANCED property for variable: Boost_SERIALIZATION_LIBRARY_RELEASE
Boost_SERIALIZATION_LIBRARY_RELEASE-ADVANCED:INTERNAL=1
//ADVANCED property for variable: Boost_THREAD_LIBRARY_DEBUG
Boost_THREAD_LIBRARY_DEBUG-ADVANCED:INTERNAL=1
//ADVANCED property for variable: Boost_THREAD_LIBRARY_RELEASE
Boost_THREAD_LIBRARY_RELEASE-ADVANCED:INTERNAL=1
//Test CC_SUPPORTS_MARCH_NATIVE
CC_SUPPORTS_MARCH_NATIVE:INTERNAL=1
//ADVANCED property for variable: CMAKE_ADDR2LINE
CMAKE_ADDR2LINE-ADVANCED:INTERNAL=1
//ADVANCED property for variable: CMAKE_AR
CMAKE_AR-ADVANCED:INTERNAL=1
//ADVANCED property for variable: CMAKE_ASM-ATT_COMPILER
CMAKE_ASM-ATT_COMPILER-ADVANCED:INTERNAL=1
//ADVANCED property for variable: CMAKE_ASM_COMPILER
CMAKE_ASM_COMPILER-ADVANCED:INTERNAL=1
//ADVANCED property for variable: CMAKE_ASM_COMPILER_AR
CMAKE_ASM_COMPILER_AR-ADVANCED:INTERNAL=1
//ADVANCED property for variable: CMAKE_ASM_COMPILER_RANLIB
CMAKE_ASM_COMPILER_RANLIB-ADVANCED:INTERNAL=1
CMAKE_ASM_COMPILER_WORKS:INTERNAL=1
//ADVANCED property for variable: CMAKE_ASM_FLAGS
CMAKE_ASM_FLAGS-ADVANCED:INTERNAL=1
//ADVANCED property for variable: CMAKE_ASM_FLAGS_DEBUG
CMAKE_ASM_FLAGS_DEBUG-ADVANCED:INTERNAL=1
//ADVANCED property for variable: CMAKE_ASM_FLAGS_MINSIZEREL
CMAKE_ASM_FLAGS_MINSIZEREL-ADVANCED:INTERNAL=1
//ADVANCED property for variable: CMAKE_ASM_FLAGS_RELEASE
CMAKE_ASM_FLAGS_RELEASE-ADVANCED:INTERNAL=1
//ADVANCED property for variable: CMAKE_ASM_FLAGS_RELWITHDEBINFO
CMAKE_ASM_FLAGS_RELWITHDEBINFO-ADVANCED:INTERNAL=1
//This is the directory where this CMakeCache.txt was created
CMAKE_CACHEFILE_DIR:INTERNAL=/home/user/github-export-mainnet/build
//Major version of cmake used to create the current loaded cache
CMAKE_CACHE_MAJOR_VERSION:INTERNAL=3
//Minor version of cmake used to create the current loaded cache
CMAKE_CACHE_MINOR_VERSION:INTERNAL=28
//Patch version of cmake used to create the current loaded cache
CMAKE_CACHE_PATCH_VERSION:INTERNAL=3
//ADVANCED property for variable: CMAKE_COLOR_MAKEFILE
CMAKE_COLOR_MAKEFILE-ADVANCED:INTERNAL=1
//Path to CMake executable.
CMAKE_COMMAND:INTERNAL=/usr/bin/cmake
//Path to cpack program executable.
CMAKE_CPACK_COMMAND:INTERNAL=/usr/bin/cpack
//Path to ctest program executable.
CMAKE_CTEST_COMMAND:INTERNAL=/usr/bin/ctest
//ADVANCED property for variable: CMAKE_CXX_COMPILER
CMAKE_CXX_COMPILER-ADVANCED:INTERNAL=1
//ADVANCED property for variable: CMAKE_CXX_COMPILER_AR
CMAKE_CXX_COMPILER_AR-ADVANCED:INTERNAL=1
//ADVANCED property for variable: CMAKE_CXX_COMPILER_RANLIB
CMAKE_CXX_COMPILER_RANLIB-ADVANCED:INTERNAL=1
//ADVANCED property for variable: CMAKE_CXX_FLAGS
CMAKE_CXX_FLAGS-ADVANCED:INTERNAL=1
//ADVANCED property for variable: CMAKE_CXX_FLAGS_DEBUG
CMAKE_CXX_FLAGS_DEBUG-ADVANCED:INTERNAL=1
//ADVANCED property for variable: CMAKE_CXX_FLAGS_MINSIZEREL
CMAKE_CXX_FLAGS_MINSIZEREL-ADVANCED:INTERNAL=1
//ADVANCED property for variable: CMAKE_CXX_FLAGS_RELEASE
CMAKE_CXX_FLAGS_RELEASE-ADVANCED:INTERNAL=1
//ADVANCED property for variable: CMAKE_CXX_FLAGS_RELWITHDEBINFO
CMAKE_CXX_FLAGS_RELWITHDEBINFO-ADVANCED:INTERNAL=1
//ADVANCED property for variable: CMAKE_C_COMPILER
CMAKE_C_COMPILER-ADVANCED:INTERNAL=1
//ADVANCED property for variable: CMAKE_C_COMPILER_AR
CMAKE_C_COMPILER_AR-ADVANCED:INTERNAL=1
//ADVANCED property for variable: CMAKE_C_COMPILER_RANLIB
CMAKE_C_COMPILER_RANLIB-ADVANCED:INTERNAL=1
//ADVANCED property for variable: CMAKE_C_FLAGS
CMAKE_C_FLAGS-ADVANCED:INTERNAL=1
//ADVANCED property for variable: CMAKE_C_FLAGS_DEBUG
CMAKE_C_FLAGS_DEBUG-ADVANCED:INTERNAL=1
//ADVANCED property for variable: CMAKE_C_FLAGS_MINSIZEREL
CMAKE_C_FLAGS_MINSIZEREL-ADVANCED:INTERNAL=1
//ADVANCED property for variable: CMAKE_C_FLAGS_RELEASE
CMAKE_C_FLAGS_RELEASE-ADVANCED:INTERNAL=1
//ADVANCED property for variable: CMAKE_C_FLAGS_RELWITHDEBINFO
CMAKE_C_FLAGS_RELWITHDEBINFO-ADVANCED:INTERNAL=1
//ADVANCED property for variable: CMAKE_DLLTOOL
CMAKE_DLLTOOL-ADVANCED:INTERNAL=1
//Executable file format
CMAKE_EXECUTABLE_FORMAT:INTERNAL=ELF
//ADVANCED property for variable: CMAKE_EXE_LINKER_FLAGS
CMAKE_EXE_LINKER_FLAGS-ADVANCED:INTERNAL=1
//ADVANCED property for variable: CMAKE_EXE_LINKER_FLAGS_DEBUG
CMAKE_EXE_LINKER_FLAGS_DEBUG-ADVANCED:INTERNAL=1
//ADVANCED property for variable: CMAKE_EXE_LINKER_FLAGS_MINSIZEREL
CMAKE_EXE_LINKER_FLAGS_MINSIZEREL-ADVANCED:INTERNAL=1
//ADVANCED property for variable: CMAKE_EXE_LINKER_FLAGS_RELEASE
CMAKE_EXE_LINKER_FLAGS_RELEASE-ADVANCED:INTERNAL=1
//ADVANCED property for variable: CMAKE_EXE_LINKER_FLAGS_RELWITHDEBINFO
CMAKE_EXE_LINKER_FLAGS_RELWITHDEBINFO-ADVANCED:INTERNAL=1
//Name of external makefile project generator.
CMAKE_EXTRA_GENERATOR:INTERNAL=
//Name of generator.
CMAKE_GENERATOR:INTERNAL=Unix Makefiles
//Generator instance identifier.
CMAKE_GENERATOR_INSTANCE:INTERNAL=
//Name of generator platform.
CMAKE_GENERATOR_PLATFORM:INTERNAL=
//Name of generator toolset.
CMAKE_GENERATOR_TOOLSET:INTERNAL=
//Test CMAKE_HAVE_LIBC_PTHREAD
CMAKE_HAVE_LIBC_PTHREAD:INTERNAL=1
//Source directory with the top level CMakeLists.txt file for this
// project
CMAKE_HOME_DIRECTORY:INTERNAL=/home/user/github-export-mainnet
//ADVANCED property for variable: CMAKE_INSTALL_BINDIR
CMAKE_INSTALL_BINDIR-ADVANCED:INTERNAL=1
//ADVANCED property for variable: CMAKE_INSTALL_DATADIR
CMAKE_INSTALL_DATADIR-ADVANCED:INTERNAL=1
//ADVANCED property for variable: CMAKE_INSTALL_DATAROOTDIR
CMAKE_INSTALL_DATAROOTDIR-ADVANCED:INTERNAL=1
//ADVANCED property for variable: CMAKE_INSTALL_DOCDIR
CMAKE_INSTALL_DOCDIR-ADVANCED:INTERNAL=1
//ADVANCED property for variable: CMAKE_INSTALL_INCLUDEDIR
CMAKE_INSTALL_INCLUDEDIR-ADVANCED:INTERNAL=1
//ADVANCED property for variable: CMAKE_INSTALL_INFODIR
CMAKE_INSTALL_INFODIR-ADVANCED:INTERNAL=1
//ADVANCED property for variable: CMAKE_INSTALL_LIBDIR
CMAKE_INSTALL_LIBDIR-ADVANCED:INTERNAL=1
//ADVANCED property for variable: CMAKE_INSTALL_LIBEXECDIR
CMAKE_INSTALL_LIBEXECDIR-ADVANCED:INTERNAL=1
//ADVANCED property for variable: CMAKE_INSTALL_LOCALEDIR
CMAKE_INSTALL_LOCALEDIR-ADVANCED:INTERNAL=1
//ADVANCED property for variable: CMAKE_INSTALL_LOCALSTATEDIR
CMAKE_INSTALL_LOCALSTATEDIR-ADVANCED:INTERNAL=1
//ADVANCED property for variable: CMAKE_INSTALL_MANDIR
CMAKE_INSTALL_MANDIR-ADVANCED:INTERNAL=1
//ADVANCED property for variable: CMAKE_INSTALL_OLDINCLUDEDIR
CMAKE_INSTALL_OLDINCLUDEDIR-ADVANCED:INTERNAL=1
//ADVANCED property for variable: CMAKE_INSTALL_RUNSTATEDIR
CMAKE_INSTALL_RUNSTATEDIR-ADVANCED:INTERNAL=1
//ADVANCED property for variable: CMAKE_INSTALL_SBINDIR
CMAKE_INSTALL_SBINDIR-ADVANCED:INTERNAL=1
//ADVANCED property for variable: CMAKE_INSTALL_SHAREDSTATEDIR
CMAKE_INSTALL_SHAREDSTATEDIR-ADVANCED:INTERNAL=1
//Install .so files without execute permission.
CMAKE_INSTALL_SO_NO_EXE:INTERNAL=1
//ADVANCED property for variable: CMAKE_INSTALL_SYSCONFDIR
CMAKE_INSTALL_SYSCONFDIR-ADVANCED:INTERNAL=1
//ADVANCED property for variable: CMAKE_LINKER
CMAKE_LINKER-ADVANCED:INTERNAL=1
//ADVANCED property for variable: CMAKE_MAKE_PROGRAM
CMAKE_MAKE_PROGRAM-ADVANCED:INTERNAL=1
//ADVANCED property for variable: CMAKE_MODULE_LINKER_FLAGS
CMAKE_MODULE_LINKER_FLAGS-ADVANCED:INTERNAL=1
//ADVANCED property for variable: CMAKE_MODULE_LINKER_FLAGS_DEBUG
CMAKE_MODULE_LINKER_FLAGS_DEBUG-ADVANCED:INTERNAL=1
//ADVANCED property for variable: CMAKE_MODULE_LINKER_FLAGS_MINSIZEREL
CMAKE_MODULE_LINKER_FLAGS_MINSIZEREL-ADVANCED:INTERNAL=1
//ADVANCED property for variable: CMAKE_MODULE_LINKER_FLAGS_RELEASE
CMAKE_MODULE_LINKER_FLAGS_RELEASE-ADVANCED:INTERNAL=1
//ADVANCED property for variable: CMAKE_MODULE_LINKER_FLAGS_RELWITHDEBINFO
CMAKE_MODULE_LINKER_FLAGS_RELWITHDEBINFO-ADVANCED:INTERNAL=1
//ADVANCED property for variable: CMAKE_NM
CMAKE_NM-ADVANCED:INTERNAL=1
//number of local generators
CMAKE_NUMBER_OF_MAKEFILES:INTERNAL=42
//ADVANCED property for variable: CMAKE_OBJCOPY
CMAKE_OBJCOPY-ADVANCED:INTERNAL=1
//ADVANCED property for variable: CMAKE_OBJDUMP
CMAKE_OBJDUMP-ADVANCED:INTERNAL=1
//Platform information initialized
CMAKE_PLATFORM_INFO_INITIALIZED:INTERNAL=1
//ADVANCED property for variable: CMAKE_RANLIB
CMAKE_RANLIB-ADVANCED:INTERNAL=1
//ADVANCED property for variable: CMAKE_READELF
CMAKE_READELF-ADVANCED:INTERNAL=1
//Path to CMake installation.
CMAKE_ROOT:INTERNAL=/usr/share/cmake-3.28
//ADVANCED property for variable: CMAKE_SHARED_LINKER_FLAGS
CMAKE_SHARED_LINKER_FLAGS-ADVANCED:INTERNAL=1
//ADVANCED property for variable: CMAKE_SHARED_LINKER_FLAGS_DEBUG
CMAKE_SHARED_LINKER_FLAGS_DEBUG-ADVANCED:INTERNAL=1
//ADVANCED property for variable: CMAKE_SHARED_LINKER_FLAGS_MINSIZEREL
CMAKE_SHARED_LINKER_FLAGS_MINSIZEREL-ADVANCED:INTERNAL=1
//ADVANCED property for variable: CMAKE_SHARED_LINKER_FLAGS_RELEASE
CMAKE_SHARED_LINKER_FLAGS_RELEASE-ADVANCED:INTERNAL=1
//ADVANCED property for variable: CMAKE_SHARED_LINKER_FLAGS_RELWITHDEBINFO
CMAKE_SHARED_LINKER_FLAGS_RELWITHDEBINFO-ADVANCED:INTERNAL=1
//ADVANCED property for variable: CMAKE_SKIP_INSTALL_RPATH
CMAKE_SKIP_INSTALL_RPATH-ADVANCED:INTERNAL=1
//ADVANCED property for variable: CMAKE_SKIP_RPATH
CMAKE_SKIP_RPATH-ADVANCED:INTERNAL=1
//ADVANCED property for variable: CMAKE_STATIC_LINKER_FLAGS
CMAKE_STATIC_LINKER_FLAGS-ADVANCED:INTERNAL=1
//ADVANCED property for variable: CMAKE_STATIC_LINKER_FLAGS_DEBUG
CMAKE_STATIC_LINKER_FLAGS_DEBUG-ADVANCED:INTERNAL=1
//ADVANCED property for variable: CMAKE_STATIC_LINKER_FLAGS_MINSIZEREL
CMAKE_STATIC_LINKER_FLAGS_MINSIZEREL-ADVANCED:INTERNAL=1
//ADVANCED property for variable: CMAKE_STATIC_LINKER_FLAGS_RELEASE
CMAKE_STATIC_LINKER_FLAGS_RELEASE-ADVANCED:INTERNAL=1
//ADVANCED property for variable: CMAKE_STATIC_LINKER_FLAGS_RELWITHDEBINFO
CMAKE_STATIC_LINKER_FLAGS_RELWITHDEBINFO-ADVANCED:INTERNAL=1
//ADVANCED property for variable: CMAKE_STRIP
CMAKE_STRIP-ADVANCED:INTERNAL=1
//ADVANCED property for variable: CMAKE_TAPI
CMAKE_TAPI-ADVANCED:INTERNAL=1
//uname command
CMAKE_UNAME:INTERNAL=/usr/bin/uname
//ADVANCED property for variable: CMAKE_VERBOSE_MAKEFILE
CMAKE_VERBOSE_MAKEFILE-ADVANCED:INTERNAL=1
//ADVANCED property for variable: DOXYGEN_DOT_EXECUTABLE
DOXYGEN_DOT_EXECUTABLE-ADVANCED:INTERNAL=1
//ADVANCED property for variable: DOXYGEN_EXECUTABLE
DOXYGEN_EXECUTABLE-ADVANCED:INTERNAL=1
//Details about finding Backtrace
FIND_PACKAGE_MESSAGE_DETAILS_Backtrace:INTERNAL=[/usr/include][v()]
//Details about finding Doxygen
FIND_PACKAGE_MESSAGE_DETAILS_Doxygen:INTERNAL=[/usr/bin/doxygen][cfound components: doxygen dot ][v1.9.8()]
//Details about finding Git
FIND_PACKAGE_MESSAGE_DETAILS_Git:INTERNAL=[/usr/bin/git][v2.43.0()]
//Details about finding HIDAPI
FIND_PACKAGE_MESSAGE_DETAILS_HIDAPI:INTERNAL=[/usr/lib/x86_64-linux-gnu/libhidapi-libusb.so][/usr/include/hidapi][v()]
//Details about finding OpenSSL
FIND_PACKAGE_MESSAGE_DETAILS_OpenSSL:INTERNAL=[/usr/lib/x86_64-linux-gnu/libcrypto.so][/usr/include][c ][v3.0.13()]
//Details about finding Protobuf
FIND_PACKAGE_MESSAGE_DETAILS_Protobuf:INTERNAL=[/usr/lib/x86_64-linux-gnu/libprotobuf.so][/usr/include][v3.21.12()]
//Details about finding PythonInterp
FIND_PACKAGE_MESSAGE_DETAILS_PythonInterp:INTERNAL=[/usr/bin/python3][v3.12.3()]
//Details about finding Readline
FIND_PACKAGE_MESSAGE_DETAILS_Readline:INTERNAL=[/usr/include][/usr/lib/x86_64-linux-gnu/libreadline.so][v()]
//Details about finding Threads
FIND_PACKAGE_MESSAGE_DETAILS_Threads:INTERNAL=[TRUE][v()]
//ADVANCED property for variable: GIT_EXECUTABLE
GIT_EXECUTABLE-ADVANCED:INTERNAL=1
//Have function rl_filename_completion_function
HAVE_COMPLETION_FUNCTION:INTERNAL=1
//Have function rl_copy_text
HAVE_COPY_TEXT:INTERNAL=1
//Test HAVE_CXX_ATOMICS
HAVE_CXX_ATOMICS:INTERNAL=1
//ADVANCED property for variable: HIDAPI_INCLUDE_DIR
HIDAPI_INCLUDE_DIR-ADVANCED:INTERNAL=1
//ADVANCED property for variable: HIDAPI_LIBRARY
HIDAPI_LIBRARY-ADVANCED:INTERNAL=1
//ADVANCED property for variable: MINIUPNP_INCLUDE_DIR
MINIUPNP_INCLUDE_DIR-ADVANCED:INTERNAL=1
//ADVANCED property for variable: MINIUPNP_LIBRARY
MINIUPNP_LIBRARY-ADVANCED:INTERNAL=1
//ADVANCED property for variable: MINIUPNP_STATIC_LIBRARY
MINIUPNP_STATIC_LIBRARY-ADVANCED:INTERNAL=1
//ADVANCED property for variable: OPENSSL_CRYPTO_LIBRARY
OPENSSL_CRYPTO_LIBRARY-ADVANCED:INTERNAL=1
//ADVANCED property for variable: OPENSSL_INCLUDE_DIR
OPENSSL_INCLUDE_DIR-ADVANCED:INTERNAL=1
//ADVANCED property for variable: OPENSSL_SSL_LIBRARY
OPENSSL_SSL_LIBRARY-ADVANCED:INTERNAL=1
//ADVANCED property for variable: PKG_CONFIG_ARGN
PKG_CONFIG_ARGN-ADVANCED:INTERNAL=1
//ADVANCED property for variable: PKG_CONFIG_EXECUTABLE
PKG_CONFIG_EXECUTABLE-ADVANCED:INTERNAL=1
//ADVANCED property for variable: PYTHON_EXECUTABLE
PYTHON_EXECUTABLE-ADVANCED:INTERNAL=1
//Result of TRY_COMPILE
Protobuf_COMPILE_TEST_PASSED:INTERNAL=TRUE
//ADVANCED property for variable: Protobuf_INCLUDE_DIR
Protobuf_INCLUDE_DIR-ADVANCED:INTERNAL=1
//ADVANCED property for variable: Protobuf_LIBRARY_DEBUG
Protobuf_LIBRARY_DEBUG-ADVANCED:INTERNAL=1
//ADVANCED property for variable: Protobuf_LIBRARY_RELEASE
Protobuf_LIBRARY_RELEASE-ADVANCED:INTERNAL=1
//ADVANCED property for variable: Protobuf_LITE_LIBRARY_DEBUG
Protobuf_LITE_LIBRARY_DEBUG-ADVANCED:INTERNAL=1
//ADVANCED property for variable: Protobuf_LITE_LIBRARY_RELEASE
Protobuf_LITE_LIBRARY_RELEASE-ADVANCED:INTERNAL=1
//ADVANCED property for variable: Protobuf_PROTOC_EXECUTABLE
Protobuf_PROTOC_EXECUTABLE-ADVANCED:INTERNAL=1
//ADVANCED property for variable: Protobuf_PROTOC_LIBRARY_DEBUG
Protobuf_PROTOC_LIBRARY_DEBUG-ADVANCED:INTERNAL=1
//ADVANCED property for variable: Protobuf_PROTOC_LIBRARY_RELEASE
Protobuf_PROTOC_LIBRARY_RELEASE-ADVANCED:INTERNAL=1
//Result of TRY_COMPILE
RET:INTERNAL=TRUE
//ADVANCED property for variable: Readline_INCLUDE_DIR
Readline_INCLUDE_DIR-ADVANCED:INTERNAL=1
//ADVANCED property for variable: Readline_LIBRARY
Readline_LIBRARY-ADVANCED:INTERNAL=1
//ADVANCED property for variable: Readline_ROOT_DIR
Readline_ROOT_DIR-ADVANCED:INTERNAL=1
//Result of TRY_COMPILE
STATIC_ASSERT_CPP_RES:INTERNAL=TRUE
//Result of TRY_COMPILE
STATIC_ASSERT_RES:INTERNAL=TRUE
//Result of TRY_COMPILE
SUCCESS:INTERNAL=FALSE
//Have symbol backtrace
_Backtrace_SYM_FOUND:INTERNAL=1
//Components requested for this build tree.
_Boost_COMPONENTS_SEARCHED:INTERNAL=atomic;chrono;date_time;filesystem;locale;program_options;serialization;thread
//Last used Boost_INCLUDE_DIR value.
_Boost_INCLUDE_DIR_LAST:INTERNAL=/usr/include
//Last used Boost_LIBRARY_DIR_DEBUG value.
_Boost_LIBRARY_DIR_DEBUG_LAST:INTERNAL=/usr/lib/x86_64-linux-gnu
//Last used Boost_LIBRARY_DIR_RELEASE value.
_Boost_LIBRARY_DIR_RELEASE_LAST:INTERNAL=/usr/lib/x86_64-linux-gnu
//Last used Boost_NAMESPACE value.
_Boost_NAMESPACE_LAST:INTERNAL=boost
//Last used Boost_USE_MULTITHREADED value.
_Boost_USE_MULTITHREADED_LAST:INTERNAL=TRUE
//linker supports push/pop state
_CMAKE_LINKER_PUSHPOP_STATE_SUPPORTED:INTERNAL=TRUE
//CMAKE_INSTALL_PREFIX during last run
_GNUInstallDirs_LAST_CMAKE_INSTALL_PREFIX:INTERNAL=/usr/local
_OPENSSL_CFLAGS:INTERNAL=-I/usr/include
_OPENSSL_CFLAGS_I:INTERNAL=
_OPENSSL_CFLAGS_OTHER:INTERNAL=
_OPENSSL_FOUND:INTERNAL=1
_OPENSSL_INCLUDEDIR:INTERNAL=/usr/include
_OPENSSL_INCLUDE_DIRS:INTERNAL=/usr/include
_OPENSSL_LDFLAGS:INTERNAL=-L/usr/lib/x86_64-linux-gnu;-lssl;-lcrypto
_OPENSSL_LDFLAGS_OTHER:INTERNAL=
_OPENSSL_LIBDIR:INTERNAL=/usr/lib/x86_64-linux-gnu
_OPENSSL_LIBRARIES:INTERNAL=ssl;crypto
_OPENSSL_LIBRARY_DIRS:INTERNAL=/usr/lib/x86_64-linux-gnu
_OPENSSL_LIBS:INTERNAL=
_OPENSSL_LIBS_L:INTERNAL=
_OPENSSL_LIBS_OTHER:INTERNAL=
_OPENSSL_LIBS_PATHS:INTERNAL=
_OPENSSL_MODULE_NAME:INTERNAL=openssl
_OPENSSL_PREFIX:INTERNAL=/usr
_OPENSSL_STATIC_CFLAGS:INTERNAL=-I/usr/include
_OPENSSL_STATIC_CFLAGS_I:INTERNAL=
_OPENSSL_STATIC_CFLAGS_OTHER:INTERNAL=
_OPENSSL_STATIC_INCLUDE_DIRS:INTERNAL=/usr/include
_OPENSSL_STATIC_LDFLAGS:INTERNAL=-L/usr/lib/x86_64-linux-gnu;-lssl;-L/usr/lib/x86_64-linux-gnu;-ldl;-pthread;-lcrypto;-ldl;-pthread
_OPENSSL_STATIC_LDFLAGS_OTHER:INTERNAL=-pthread;-pthread
_OPENSSL_STATIC_LIBDIR:INTERNAL=
_OPENSSL_STATIC_LIBRARIES:INTERNAL=ssl;dl;crypto;dl
_OPENSSL_STATIC_LIBRARY_DIRS:INTERNAL=/usr/lib/x86_64-linux-gnu;/usr/lib/x86_64-linux-gnu
_OPENSSL_STATIC_LIBS:INTERNAL=
_OPENSSL_STATIC_LIBS_L:INTERNAL=
_OPENSSL_STATIC_LIBS_OTHER:INTERNAL=
_OPENSSL_STATIC_LIBS_PATHS:INTERNAL=
_OPENSSL_VERSION:INTERNAL=3.0.13
_OPENSSL_openssl_INCLUDEDIR:INTERNAL=
_OPENSSL_openssl_LIBDIR:INTERNAL=
_OPENSSL_openssl_PREFIX:INTERNAL=
_OPENSSL_openssl_VERSION:INTERNAL=
//Compiler reason failure
_Python_Compiler_REASON_FAILURE:INTERNAL=
//Development reason failure
_Python_Development_REASON_FAILURE:INTERNAL=
//Path to a program.
_Python_EXECUTABLE:INTERNAL=/usr/bin/python3
//Python Properties
_Python_INTERPRETER_PROPERTIES:INTERNAL=Python;3;12;3;64;32;;cpython-312-x86_64-linux-gnu;abi3;/usr/lib/python3.12;/usr/lib/python3.12;/usr/local/lib/python3.12/dist-packages;/usr/local/lib/python3.12/dist-packages
_Python_INTERPRETER_SIGNATURE:INTERNAL=4c8bfa8951e99fa32e4000a94f8c04a2
//NumPy reason failure
_Python_NumPy_REASON_FAILURE:INTERNAL=
//Test _Werror__Werror=return_type_c
_Werror__Werror=return_type_c:INTERNAL=1
//Test _Werror__Werror=return_type_cxx
_Werror__Werror=return_type_cxx:INTERNAL=1
//Test _Werror__Werror=switch_c
_Werror__Werror=switch_c:INTERNAL=1
//Test _Werror__Werror=switch_cxx
_Werror__Werror=switch_cxx:INTERNAL=1
//Test _Werror__Wformat_c
_Werror__Wformat_c:INTERNAL=1
//Test _Werror__Wformat_cxx
_Werror__Wformat_cxx:INTERNAL=1
//Test _Werror__Wformat_security_c
_Werror__Wformat_security_c:INTERNAL=1
//Test _Werror__Wformat_security_cxx
_Werror__Wformat_security_cxx:INTERNAL=1
//Test _Werror__fcf_protection=full_c
_Werror__fcf_protection=full_c:INTERNAL=1
//Test _Werror__fcf_protection=full_cxx
_Werror__fcf_protection=full_cxx:INTERNAL=1
//Test _Werror__fstack_clash_protection_c
_Werror__fstack_clash_protection_c:INTERNAL=1
//Test _Werror__fstack_clash_protection_cxx
_Werror__fstack_clash_protection_cxx:INTERNAL=1
//Test _Werror__fstack_protector_c
_Werror__fstack_protector_c:INTERNAL=1
//Test _Werror__fstack_protector_cxx
_Werror__fstack_protector_cxx:INTERNAL=1
//Test _Werror__fstack_protector_strong_c
_Werror__fstack_protector_strong_c:INTERNAL=1
//Test _Werror__fstack_protector_strong_cxx
_Werror__fstack_protector_strong_cxx:INTERNAL=1
//Test _Werror__pthread_c
_Werror__pthread_c:INTERNAL=1
//Test _Werror__pthread_cxx
_Werror__pthread_cxx:INTERNAL=1
__pkg_config_arguments__OPENSSL:INTERNAL=QUIET;openssl
__pkg_config_checked__OPENSSL:INTERNAL=1
//Test _march=native_c
_march=native_c:INTERNAL=1
//Test _march=native_cxx
_march=native_cxx:INTERNAL=1
//Have library c
explicit_bzero_library:INTERNAL=1
//Have library c
memset_s_library:INTERNAL=
//ADVANCED property for variable: pkgcfg_lib__OPENSSL_crypto
pkgcfg_lib__OPENSSL_crypto-ADVANCED:INTERNAL=1
//ADVANCED property for variable: pkgcfg_lib__OPENSSL_ssl
pkgcfg_lib__OPENSSL_ssl-ADVANCED:INTERNAL=1
prefix_result:INTERNAL=/usr/lib/x86_64-linux-gnu
//Have function strptime
strptime_function:INTERNAL=1

